  camera.cpp
E:\Projects\OpenGL\CS480-Projects\Bowman-Garcia-FinalProject\Bowman-Garcia-FinalProject\camera.cpp(28,33): warning C4244: 'argument': conversion from 'double' to 'T', possible loss of data
          with
          [
              T=float
          ]
E:\Projects\OpenGL\CS480-Projects\Bowman-Garcia-FinalProject\Bowman-Garcia-FinalProject\camera.cpp(63,16): warning C4244: 'initializing': conversion from 'double' to 'float', possible loss of data
E:\Projects\OpenGL\CS480-Projects\Bowman-Garcia-FinalProject\Bowman-Garcia-FinalProject\camera.cpp(64,16): warning C4244: 'initializing': conversion from 'double' to 'float', possible loss of data
E:\Projects\OpenGL\CS480-Projects\Bowman-Garcia-FinalProject\Bowman-Garcia-FinalProject\camera.cpp(86,46): warning C4244: '=': conversion from 'double' to 'T', possible loss of data
          with
          [
              T=float
          ]
E:\Projects\OpenGL\CS480-Projects\Bowman-Garcia-FinalProject\Bowman-Garcia-FinalProject\camera.cpp(87,26): warning C4244: '=': conversion from 'double' to 'T', possible loss of data
          with
          [
              T=float
          ]
E:\Projects\OpenGL\CS480-Projects\Bowman-Garcia-FinalProject\Bowman-Garcia-FinalProject\camera.cpp(88,46): warning C4244: '=': conversion from 'double' to 'T', possible loss of data
          with
          [
              T=float
          ]
  Bowman-Garcia-FinalProject.vcxproj -> E:\Projects\OpenGL\CS480-Projects\Bowman-Garcia-FinalProject\x64\Debug\Bowman-Garcia-FinalProject.exe
