e:\projects\opengl\cs480-projects\bowman-garcia-finalproject\bowman-garcia-finalproject\x64\debug\vc143.pdb
e:\projects\opengl\cs480-projects\bowman-garcia-finalproject\bowman-garcia-finalproject\x64\debug\vc143.idb
e:\projects\opengl\cs480-projects\bowman-garcia-finalproject\bowman-garcia-finalproject\x64\debug\window.obj
e:\projects\opengl\cs480-projects\bowman-garcia-finalproject\bowman-garcia-finalproject\x64\debug\transform.obj
e:\projects\opengl\cs480-projects\bowman-garcia-finalproject\bowman-garcia-finalproject\x64\debug\texture.obj
e:\projects\opengl\cs480-projects\bowman-garcia-finalproject\bowman-garcia-finalproject\x64\debug\sphere.obj
e:\projects\opengl\cs480-projects\bowman-garcia-finalproject\bowman-garcia-finalproject\x64\debug\ship.obj
e:\projects\opengl\cs480-projects\bowman-garcia-finalproject\bowman-garcia-finalproject\x64\debug\shader.obj
e:\projects\opengl\cs480-projects\bowman-garcia-finalproject\bowman-garcia-finalproject\x64\debug\object.obj
e:\projects\opengl\cs480-projects\bowman-garcia-finalproject\bowman-garcia-finalproject\x64\debug\mesh.obj
e:\projects\opengl\cs480-projects\bowman-garcia-finalproject\bowman-garcia-finalproject\x64\debug\material.obj
e:\projects\opengl\cs480-projects\bowman-garcia-finalproject\bowman-garcia-finalproject\x64\debug\main.obj
e:\projects\opengl\cs480-projects\bowman-garcia-finalproject\bowman-garcia-finalproject\x64\debug\input.obj
e:\projects\opengl\cs480-projects\bowman-garcia-finalproject\bowman-garcia-finalproject\x64\debug\graphics.obj
e:\projects\opengl\cs480-projects\bowman-garcia-finalproject\bowman-garcia-finalproject\x64\debug\gameobject.obj
e:\projects\opengl\cs480-projects\bowman-garcia-finalproject\bowman-garcia-finalproject\x64\debug\engine.obj
e:\projects\opengl\cs480-projects\bowman-garcia-finalproject\bowman-garcia-finalproject\x64\debug\camera.obj
e:\projects\opengl\cs480-projects\bowman-garcia-finalproject\bowman-garcia-finalproject\x64\debug\source.obj
e:\projects\opengl\cs480-projects\bowman-garcia-finalproject\x64\debug\bowman-garcia-finalproject.exe
e:\projects\opengl\cs480-projects\bowman-garcia-finalproject\bowman-garcia-finalproject\x64\debug\bowman-garcia-finalproject.ilk
e:\projects\opengl\cs480-projects\bowman-garcia-finalproject\x64\debug\bowman-garcia-finalproject.pdb
e:\projects\opengl\cs480-projects\bowman-garcia-finalproject\bowman-garcia-finalproject\x64\debug\bowman-g.8c2921d6.tlog\cl.command.1.tlog
e:\projects\opengl\cs480-projects\bowman-garcia-finalproject\bowman-garcia-finalproject\x64\debug\bowman-g.8c2921d6.tlog\cl.read.1.tlog
e:\projects\opengl\cs480-projects\bowman-garcia-finalproject\bowman-garcia-finalproject\x64\debug\bowman-g.8c2921d6.tlog\cl.write.1.tlog
e:\projects\opengl\cs480-projects\bowman-garcia-finalproject\bowman-garcia-finalproject\x64\debug\bowman-g.8c2921d6.tlog\link.31004-cvtres.read.1.tlog
e:\projects\opengl\cs480-projects\bowman-garcia-finalproject\bowman-garcia-finalproject\x64\debug\bowman-g.8c2921d6.tlog\link.31004-cvtres.write.1.tlog
e:\projects\opengl\cs480-projects\bowman-garcia-finalproject\bowman-garcia-finalproject\x64\debug\bowman-g.8c2921d6.tlog\link.31004-rc.read.1.tlog
e:\projects\opengl\cs480-projects\bowman-garcia-finalproject\bowman-garcia-finalproject\x64\debug\bowman-g.8c2921d6.tlog\link.31004-rc.write.1.tlog
e:\projects\opengl\cs480-projects\bowman-garcia-finalproject\bowman-garcia-finalproject\x64\debug\bowman-g.8c2921d6.tlog\link.31004.read.1.tlog
e:\projects\opengl\cs480-projects\bowman-garcia-finalproject\bowman-garcia-finalproject\x64\debug\bowman-g.8c2921d6.tlog\link.31004.read.2.tlog
e:\projects\opengl\cs480-projects\bowman-garcia-finalproject\bowman-garcia-finalproject\x64\debug\bowman-g.8c2921d6.tlog\link.31004.write.1.tlog
e:\projects\opengl\cs480-projects\bowman-garcia-finalproject\bowman-garcia-finalproject\x64\debug\bowman-g.8c2921d6.tlog\link.command.1.tlog
e:\projects\opengl\cs480-projects\bowman-garcia-finalproject\bowman-garcia-finalproject\x64\debug\bowman-g.8c2921d6.tlog\link.read.1.tlog
e:\projects\opengl\cs480-projects\bowman-garcia-finalproject\bowman-garcia-finalproject\x64\debug\bowman-g.8c2921d6.tlog\link.write.1.tlog
